{"name": "test_linux_link", "status": "failed", "statusDetails": {"message": "AssertionError: assert 1 == 2\n +  where 1 = len(['CDwindow-1FA7AFF7B66A687C043FDF87E1B1D3EF'])\n +    where ['CDwindow-1FA7AFF7B66A687C043FDF87E1B1D3EF'] = <selenium.webdriver.remote.webdriver.WebDriver (session=\"afc798ea0b31b2e73cef47a8e87f8622\")>.window_handles\n +      where <selenium.webdriver.remote.webdriver.WebDriver (session=\"afc798ea0b31b2e73cef47a8e87f8622\")> = <tests.test_ui.TestMainPage object at 0x10f563990>.driver", "trace": "self = <tests.test_ui.TestMainPage object at 0x10f563990>\n\n    def test_linux_link(self):\n        \"\"\"\n        Тестируется ссылка с переходом на сайт linux из горизонтального меню.\n        Данный элемент стоит в ряду, который подразумевает, что каждый в нем находящийся элемент является линком.\n        Тест падает, потому что ссылка является неактивной\n        \"\"\"\n        username, email, password = generate_user()\n        self.reg_page.reg(username, email, password)\n        self.main_page.click(self.main_page.locators.LINUX_LOCATOR)\n        self.builder.del_user(username)\n        allure.attach(self.driver.get_screenshot_as_png(),\n                      name='test_python_link',\n                      attachment_type=allure.attachment_type.PNG)\n>       assert len(self.driver.window_handles) == 2\nE       assert 1 == 2\nE        +  where 1 = len(['CDwindow-1FA7AFF7B66A687C043FDF87E1B1D3EF'])\nE        +    where ['CDwindow-1FA7AFF7B66A687C043FDF87E1B1D3EF'] = <selenium.webdriver.remote.webdriver.WebDriver (session=\"afc798ea0b31b2e73cef47a8e87f8622\")>.window_handles\nE        +      where <selenium.webdriver.remote.webdriver.WebDriver (session=\"afc798ea0b31b2e73cef47a8e87f8622\")> = <tests.test_ui.TestMainPage object at 0x10f563990>.driver\n\ntests/test_ui.py:361: AssertionError"}, "description": "\n        Тестируется ссылка с переходом на сайт linux из горизонтального меню.\n        Данный элемент стоит в ряду, который подразумевает, что каждый в нем находящийся элемент является линком.\n        Тест падает, потому что ссылка является неактивной\n        ", "attachments": [{"name": "test_python_link", "source": "47d6a1bc-7fb1-4794-bb8c-3ed31a2297b5-attachment.png", "type": "image/png"}], "start": 1590601974300, "stop": 1590601987237, "uuid": "4db3aebd-9df4-454d-a840-26625bd18378", "historyId": "8975c2fc5689d28c5685c18a9df01dd1", "testCaseId": "2552ad4589997d7dda73e0f194d2a164", "fullName": "tests.test_ui.TestMainPage#test_linux_link", "labels": [{"name": "parentSuite", "value": "tests"}, {"name": "suite", "value": "test_ui"}, {"name": "subSuite", "value": "TestMainPage"}, {"name": "host", "value": "MacBook-Air-Roman-2.local"}, {"name": "thread", "value": "20109-MainThread"}, {"name": "framework", "value": "pytest"}, {"name": "language", "value": "cpython3"}, {"name": "package", "value": "tests.test_ui"}]}