{"name": "test_reg_incorrect_password_length", "status": "failed", "statusDetails": {"message": "AssertionError: assert 'Incorrect password length' in '<html class=\"uk-notouch\"><head>\\n    <meta charset=\"UTF-8\">\\n    <meta http-equiv=\"Content-Type\" content=\"text/html; ...\">powered by ТЕХНОАТОМ</p>\\n    <p>Flat is better than nested</p>\\n</div>\\n            </footer>\\n    \\n</body></html>'\n +  where '<html class=\"uk-notouch\"><head>\\n    <meta charset=\"UTF-8\">\\n    <meta http-equiv=\"Content-Type\" content=\"text/html; ...\">powered by ТЕХНОАТОМ</p>\\n    <p>Flat is better than nested</p>\\n</div>\\n            </footer>\\n    \\n</body></html>' = <selenium.webdriver.remote.webdriver.WebDriver (session=\"97f62764d5c8b2e216d81950552e5e05\")>.page_source\n +    where <selenium.webdriver.remote.webdriver.WebDriver (session=\"97f62764d5c8b2e216d81950552e5e05\")> = <tests.test_ui.TestReg object at 0x11629fa90>.driver", "trace": "self = <tests.test_ui.TestReg object at 0x11629fa90>\n\n    def test_reg_incorrect_password_length(self):\n        \"\"\"\n        Тестируется возможность пройти регистрацию с длиной значений password = 1\n        Приложение должно выдавать ошибку в силу соображений тестирования безопасности\n        Приложение работает некорректно и регистрация проходит успешно\n        \"\"\"\n        username, email, password = generate_user(len_pass=1)\n        self.reg_page.reg(username, email, password)\n        allure.attach(self.driver.get_screenshot_as_png(),\n                      name='test_python_link',\n                      attachment_type=allure.attachment_type.PNG)\n>       assert \"Incorrect password length\" in self.driver.page_source\nE       assert 'Incorrect password length' in '<html class=\"uk-notouch\"><head>\\n    <meta charset=\"UTF-8\">\\n    <meta http-equiv=\"Content-Type\" content=\"text/html; ...\">powered by ТЕХНОАТОМ</p>\\n    <p>Flat is better than nested</p>\\n</div>\\n            </footer>\\n    \\n</body></html>'\nE        +  where '<html class=\"uk-notouch\"><head>\\n    <meta charset=\"UTF-8\">\\n    <meta http-equiv=\"Content-Type\" content=\"text/html; ...\">powered by ТЕХНОАТОМ</p>\\n    <p>Flat is better than nested</p>\\n</div>\\n            </footer>\\n    \\n</body></html>' = <selenium.webdriver.remote.webdriver.WebDriver (session=\"97f62764d5c8b2e216d81950552e5e05\")>.page_source\nE        +    where <selenium.webdriver.remote.webdriver.WebDriver (session=\"97f62764d5c8b2e216d81950552e5e05\")> = <tests.test_ui.TestReg object at 0x11629fa90>.driver\n\ntests/test_ui.py:74: AssertionError"}, "description": "\n        Тестируется возможность пройти регистрацию с длиной значений password = 1\n        Приложение должно выдавать ошибку в силу соображений тестирования безопасности\n        Приложение работает некорректно и регистрация проходит успешно\n        ", "attachments": [{"name": "test_python_link", "source": "d90a6ee5-7451-4aa2-8096-7c4f32c27259-attachment.png", "type": "image/png"}], "start": 1590610481112, "stop": 1590610490231, "uuid": "bd12fbb2-ace8-4770-b927-e9754c2d3666", "historyId": "601dc5821cfdf734df808a42cacd6655", "testCaseId": "b5d82da635c094d60de994acdf1e76fd", "fullName": "tests.test_ui.TestReg#test_reg_incorrect_password_length", "labels": [{"name": "parentSuite", "value": "tests"}, {"name": "suite", "value": "test_ui"}, {"name": "subSuite", "value": "TestReg"}, {"name": "host", "value": "MacBook-Air-Roman-2.local"}, {"name": "thread", "value": "20864-MainThread"}, {"name": "framework", "value": "pytest"}, {"name": "language", "value": "cpython3"}, {"name": "package", "value": "tests.test_ui"}]}