{"name": "test_network_link", "status": "failed", "statusDetails": {"message": "AssertionError: assert 1 == 2\n +  where 1 = len(['CDwindow-8FFD7498E4B013A1A1D6714F98975439'])\n +    where ['CDwindow-8FFD7498E4B013A1A1D6714F98975439'] = <selenium.webdriver.remote.webdriver.WebDriver (session=\"a62e765ac9716d35cf6330478bb01378\")>.window_handles\n +      where <selenium.webdriver.remote.webdriver.WebDriver (session=\"a62e765ac9716d35cf6330478bb01378\")> = <tests.test_ui.TestMainPage object at 0x116304f50>.driver", "trace": "self = <tests.test_ui.TestMainPage object at 0x116304f50>\n\n    def test_network_link(self):\n        \"\"\"\n        Тестируется ссылка с переходом на ресурс Network из горизонтального меню.\n        Данный элемент стоит в ряду, который подразумевает, что каждый в нем находящийся элемент является линком.\n        Тест падает, потому что ссылка является неактивной\n    \n        \"\"\"\n        username, email, password = generate_user()\n        self.reg_page.reg(username, email, password)\n        self.main_page.click(self.main_page.locators.NETWORK_LOCATOR)\n        self.builder.del_user(username)\n        allure.attach(self.driver.get_screenshot_as_png(),\n                      name='test_python_link',\n                      attachment_type=allure.attachment_type.PNG)\n>       assert len(self.driver.window_handles) == 2\nE       assert 1 == 2\nE        +  where 1 = len(['CDwindow-8FFD7498E4B013A1A1D6714F98975439'])\nE        +    where ['CDwindow-8FFD7498E4B013A1A1D6714F98975439'] = <selenium.webdriver.remote.webdriver.WebDriver (session=\"a62e765ac9716d35cf6330478bb01378\")>.window_handles\nE        +      where <selenium.webdriver.remote.webdriver.WebDriver (session=\"a62e765ac9716d35cf6330478bb01378\")> = <tests.test_ui.TestMainPage object at 0x116304f50>.driver\n\ntests/test_ui.py:398: AssertionError"}, "description": "\n        Тестируется ссылка с переходом на ресурс Network из горизонтального меню.\n        Данный элемент стоит в ряду, который подразумевает, что каждый в нем находящийся элемент является линком.\n        Тест падает, потому что ссылка является неактивной\n\n        ", "attachments": [{"name": "test_python_link", "source": "89294fa7-f5e4-4477-831b-75ecb27f1f2a-attachment.png", "type": "image/png"}], "start": 1590610810641, "stop": 1590610829671, "uuid": "e69f17b9-8559-4d8a-961c-ed57833c2d93", "historyId": "fefaddb364444359ea0898788e62a0f6", "testCaseId": "114db28fe5c7d976051e848c36726308", "fullName": "tests.test_ui.TestMainPage#test_network_link", "labels": [{"name": "parentSuite", "value": "tests"}, {"name": "suite", "value": "test_ui"}, {"name": "subSuite", "value": "TestMainPage"}, {"name": "host", "value": "MacBook-Air-Roman-2.local"}, {"name": "thread", "value": "20864-MainThread"}, {"name": "framework", "value": "pytest"}, {"name": "language", "value": "cpython3"}, {"name": "package", "value": "tests.test_ui"}]}