{"name": "test_linux_link", "status": "failed", "statusDetails": {"message": "AssertionError: assert 1 == 2\n +  where 1 = len(['CDwindow-FCE9CA080F8B9C634FA3950F148B09CE'])\n +    where ['CDwindow-FCE9CA080F8B9C634FA3950F148B09CE'] = <selenium.webdriver.remote.webdriver.WebDriver (session=\"a8056b5606e95417f044c04d34a646f0\")>.window_handles\n +      where <selenium.webdriver.remote.webdriver.WebDriver (session=\"a8056b5606e95417f044c04d34a646f0\")> = <tests.test_ui.TestMainPage object at 0x1162e4810>.driver", "trace": "self = <tests.test_ui.TestMainPage object at 0x1162e4810>\n\n    def test_linux_link(self):\n        \"\"\"\n        Тестируется ссылка с переходом на сайт linux из горизонтального меню.\n        Данный элемент стоит в ряду, который подразумевает, что каждый в нем находящийся элемент является линком.\n        Тест падает, потому что ссылка является неактивной\n        \"\"\"\n        username, email, password = generate_user()\n        self.reg_page.reg(username, email, password)\n        self.main_page.click(self.main_page.locators.LINUX_LOCATOR)\n        self.builder.del_user(username)\n        allure.attach(self.driver.get_screenshot_as_png(),\n                      name='test_python_link',\n                      attachment_type=allure.attachment_type.PNG)\n>       assert len(self.driver.window_handles) == 2\nE       assert 1 == 2\nE        +  where 1 = len(['CDwindow-FCE9CA080F8B9C634FA3950F148B09CE'])\nE        +    where ['CDwindow-FCE9CA080F8B9C634FA3950F148B09CE'] = <selenium.webdriver.remote.webdriver.WebDriver (session=\"a8056b5606e95417f044c04d34a646f0\")>.window_handles\nE        +      where <selenium.webdriver.remote.webdriver.WebDriver (session=\"a8056b5606e95417f044c04d34a646f0\")> = <tests.test_ui.TestMainPage object at 0x1162e4810>.driver\n\ntests/test_ui.py:361: AssertionError"}, "description": "\n        Тестируется ссылка с переходом на сайт linux из горизонтального меню.\n        Данный элемент стоит в ряду, который подразумевает, что каждый в нем находящийся элемент является линком.\n        Тест падает, потому что ссылка является неактивной\n        ", "attachments": [{"name": "test_python_link", "source": "33523c2b-4b5d-44fe-ad54-2090e77c3382-attachment.png", "type": "image/png"}], "start": 1590610784330, "stop": 1590610799089, "uuid": "25039a1b-525e-4785-9295-34a60b4f875d", "historyId": "8975c2fc5689d28c5685c18a9df01dd1", "testCaseId": "2552ad4589997d7dda73e0f194d2a164", "fullName": "tests.test_ui.TestMainPage#test_linux_link", "labels": [{"name": "parentSuite", "value": "tests"}, {"name": "suite", "value": "test_ui"}, {"name": "subSuite", "value": "TestMainPage"}, {"name": "host", "value": "MacBook-Air-Roman-2.local"}, {"name": "thread", "value": "20864-MainThread"}, {"name": "framework", "value": "pytest"}, {"name": "language", "value": "cpython3"}, {"name": "package", "value": "tests.test_ui"}]}