{"name": "test_linux_link", "status": "failed", "statusDetails": {"message": "AssertionError: assert 1 == 2\n +  where 1 = len(['CDwindow-AEF3B777D93D5CE9EBE16630D9F6D906'])\n +    where ['CDwindow-AEF3B777D93D5CE9EBE16630D9F6D906'] = <selenium.webdriver.remote.webdriver.WebDriver (session=\"42d0b8d28ab0e2d84607a0b5e2b089bd\")>.window_handles\n +      where <selenium.webdriver.remote.webdriver.WebDriver (session=\"42d0b8d28ab0e2d84607a0b5e2b089bd\")> = <tests.test_ui.TestMainPage object at 0x1158b27d0>.driver", "trace": "self = <tests.test_ui.TestMainPage object at 0x1158b27d0>\n\n    def test_linux_link(self):\n        \"\"\"\n        Тестируется ссылка с переходом на сайт linux из горизонтального меню.\n        Данный элемент стоит в ряду, который подразумевает, что каждый в нем находящийся элемент является линком.\n        Тест падает, потому что ссылка является неактивной\n        \"\"\"\n        username, email, password = generate_user()\n        self.reg_page.reg(username, email, password)\n        self.main_page.click(self.main_page.locators.LINUX_LOCATOR)\n        self.builder.del_user(username)\n        allure.attach(self.driver.get_screenshot_as_png(),\n                      name='test_python_link',\n                      attachment_type=allure.attachment_type.PNG)\n>       assert len(self.driver.window_handles) == 2\nE       assert 1 == 2\nE        +  where 1 = len(['CDwindow-AEF3B777D93D5CE9EBE16630D9F6D906'])\nE        +    where ['CDwindow-AEF3B777D93D5CE9EBE16630D9F6D906'] = <selenium.webdriver.remote.webdriver.WebDriver (session=\"42d0b8d28ab0e2d84607a0b5e2b089bd\")>.window_handles\nE        +      where <selenium.webdriver.remote.webdriver.WebDriver (session=\"42d0b8d28ab0e2d84607a0b5e2b089bd\")> = <tests.test_ui.TestMainPage object at 0x1158b27d0>.driver\n\ntests/test_ui.py:361: AssertionError"}, "description": "\n        Тестируется ссылка с переходом на сайт linux из горизонтального меню.\n        Данный элемент стоит в ряду, который подразумевает, что каждый в нем находящийся элемент является линком.\n        Тест падает, потому что ссылка является неактивной\n        ", "attachments": [{"name": "test_python_link", "source": "d0b9fe9e-ae1a-4f6a-b2d0-236674a1f6d4-attachment.png", "type": "image/png"}], "start": 1590601368953, "stop": 1590601381386, "uuid": "29785a6b-ceee-4238-9e5c-3084318491dc", "historyId": "8975c2fc5689d28c5685c18a9df01dd1", "testCaseId": "2552ad4589997d7dda73e0f194d2a164", "fullName": "tests.test_ui.TestMainPage#test_linux_link", "labels": [{"name": "parentSuite", "value": "tests"}, {"name": "suite", "value": "test_ui"}, {"name": "subSuite", "value": "TestMainPage"}, {"name": "host", "value": "MacBook-Air-Roman-2.local"}, {"name": "thread", "value": "20069-MainThread"}, {"name": "framework", "value": "pytest"}, {"name": "language", "value": "cpython3"}, {"name": "package", "value": "tests.test_ui"}]}