{"name": "test_reg_incorrect_password_length", "status": "failed", "statusDetails": {"message": "AssertionError: assert 'Incorrect password length' in '<html class=\"uk-notouch\"><head>\\n    <meta charset=\"UTF-8\">\\n    <meta http-equiv=\"Content-Type\" content=\"text/html; ...М</p>\\n    <p>Although never is often better than *right* now</p>\\n</div>\\n            </footer>\\n    \\n</body></html>'\n +  where '<html class=\"uk-notouch\"><head>\\n    <meta charset=\"UTF-8\">\\n    <meta http-equiv=\"Content-Type\" content=\"text/html; ...М</p>\\n    <p>Although never is often better than *right* now</p>\\n</div>\\n            </footer>\\n    \\n</body></html>' = <selenium.webdriver.remote.webdriver.WebDriver (session=\"179fe04d990d34b24f8ac4122b476df4\")>.page_source\n +    where <selenium.webdriver.remote.webdriver.WebDriver (session=\"179fe04d990d34b24f8ac4122b476df4\")> = <tests.test_ui.TestReg object at 0x116312fd0>.driver", "trace": "self = <tests.test_ui.TestReg object at 0x116312fd0>\n\n    def test_reg_incorrect_password_length(self):\n        \"\"\"\n        Тестируется возможность пройти регистрацию с длиной значений password = 1\n        Приложение должно выдавать ошибку в силу соображений тестирования безопасности\n        Приложение работает некорректно и регистрация проходит успешно\n        \"\"\"\n        username, email, password = generate_user(len_pass=1)\n        self.reg_page.reg(username, email, password)\n        allure.attach(self.driver.get_screenshot_as_png(),\n                      name='test_python_link',\n                      attachment_type=allure.attachment_type.PNG)\n>       assert \"Incorrect password length\" in self.driver.page_source\nE       assert 'Incorrect password length' in '<html class=\"uk-notouch\"><head>\\n    <meta charset=\"UTF-8\">\\n    <meta http-equiv=\"Content-Type\" content=\"text/html; ...М</p>\\n    <p>Although never is often better than *right* now</p>\\n</div>\\n            </footer>\\n    \\n</body></html>'\nE        +  where '<html class=\"uk-notouch\"><head>\\n    <meta charset=\"UTF-8\">\\n    <meta http-equiv=\"Content-Type\" content=\"text/html; ...М</p>\\n    <p>Although never is often better than *right* now</p>\\n</div>\\n            </footer>\\n    \\n</body></html>' = <selenium.webdriver.remote.webdriver.WebDriver (session=\"179fe04d990d34b24f8ac4122b476df4\")>.page_source\nE        +    where <selenium.webdriver.remote.webdriver.WebDriver (session=\"179fe04d990d34b24f8ac4122b476df4\")> = <tests.test_ui.TestReg object at 0x116312fd0>.driver\n\ntests/test_ui.py:74: AssertionError"}, "description": "\n        Тестируется возможность пройти регистрацию с длиной значений password = 1\n        Приложение должно выдавать ошибку в силу соображений тестирования безопасности\n        Приложение работает некорректно и регистрация проходит успешно\n        ", "attachments": [{"name": "test_python_link", "source": "60760ba1-712e-496f-adb8-7a8e3b7508bb-attachment.png", "type": "image/png"}], "start": 1590601105811, "stop": 1590601115903, "uuid": "e127b8d2-1a71-4d4c-a4a4-9cf6f0b2d4db", "historyId": "601dc5821cfdf734df808a42cacd6655", "testCaseId": "b5d82da635c094d60de994acdf1e76fd", "fullName": "tests.test_ui.TestReg#test_reg_incorrect_password_length", "labels": [{"name": "parentSuite", "value": "tests"}, {"name": "suite", "value": "test_ui"}, {"name": "subSuite", "value": "TestReg"}, {"name": "host", "value": "MacBook-Air-Roman-2.local"}, {"name": "thread", "value": "20069-MainThread"}, {"name": "framework", "value": "pytest"}, {"name": "language", "value": "cpython3"}, {"name": "package", "value": "tests.test_ui"}]}